c:\users\asus\documents\visual studio 2015\projects\hellos\hellos\debug\vc140.pdb
c:\users\asus\documents\visual studio 2015\projects\hellos\hellos\debug\vc140.idb
c:\users\asus\documents\visual studio 2015\projects\hellos\hellos\debug\hellos.obj
c:\users\asus\documents\visual studio 2015\projects\hellos\hellos\debug\stdafx.obj
c:\users\asus\documents\visual studio 2015\projects\hellos\hellos\debug\hello_s.obj
c:\users\asus\documents\visual studio 2015\projects\hellos\hellos\hello_c.c
c:\users\asus\documents\visual studio 2015\projects\hellos\hellos\hello_s.c
c:\users\asus\documents\visual studio 2015\projects\hellos\hellos\hello_h.h
c:\users\asus\documents\visual studio 2015\projects\hellos\debug\hellos.pdb
c:\users\asus\documents\visual studio 2015\projects\hellos\hellos\debug\hellos.tlog\cl.command.1.tlog
c:\users\asus\documents\visual studio 2015\projects\hellos\hellos\debug\hellos.tlog\cl.read.1.tlog
c:\users\asus\documents\visual studio 2015\projects\hellos\hellos\debug\hellos.tlog\cl.write.1.tlog
c:\users\asus\documents\visual studio 2015\projects\hellos\hellos\debug\hellos.tlog\link-cvtres.read.1.tlog
c:\users\asus\documents\visual studio 2015\projects\hellos\hellos\debug\hellos.tlog\link-cvtres.write.1.tlog
c:\users\asus\documents\visual studio 2015\projects\hellos\hellos\debug\hellos.tlog\link-rc.read.1.tlog
c:\users\asus\documents\visual studio 2015\projects\hellos\hellos\debug\hellos.tlog\link-rc.write.1.tlog
c:\users\asus\documents\visual studio 2015\projects\hellos\hellos\debug\hellos.tlog\link.command.1.tlog
c:\users\asus\documents\visual studio 2015\projects\hellos\hellos\debug\hellos.tlog\link.read.1.tlog
c:\users\asus\documents\visual studio 2015\projects\hellos\hellos\debug\hellos.tlog\link.write.1.tlog
c:\users\asus\documents\visual studio 2015\projects\hellos\hellos\debug\hellos.tlog\midl.command.1.tlog
c:\users\asus\documents\visual studio 2015\projects\hellos\hellos\debug\hellos.tlog\midl.read.1.tlog
c:\users\asus\documents\visual studio 2015\projects\hellos\hellos\debug\hellos.tlog\midl.write.1.tlog
