c:\users\asus\documents\visual studio 2015\projects\helloc\helloc\debug\vc140.pdb
c:\users\asus\documents\visual studio 2015\projects\helloc\helloc\debug\vc140.idb
c:\users\asus\documents\visual studio 2015\projects\helloc\helloc\debug\helloc.obj
c:\users\asus\documents\visual studio 2015\projects\helloc\helloc\debug\stdafx.obj
c:\users\asus\documents\visual studio 2015\projects\helloc\helloc\hello_c.c
c:\users\asus\documents\visual studio 2015\projects\helloc\helloc\hello_s.c
c:\users\asus\documents\visual studio 2015\projects\helloc\helloc\hello_h.h
c:\users\asus\documents\visual studio 2015\projects\helloc\debug\helloc.pdb
c:\users\asus\documents\visual studio 2015\projects\helloc\helloc\debug\helloc.tlog\cl.command.1.tlog
c:\users\asus\documents\visual studio 2015\projects\helloc\helloc\debug\helloc.tlog\cl.read.1.tlog
c:\users\asus\documents\visual studio 2015\projects\helloc\helloc\debug\helloc.tlog\cl.write.1.tlog
c:\users\asus\documents\visual studio 2015\projects\helloc\helloc\debug\helloc.tlog\link-cvtres.read.1.tlog
c:\users\asus\documents\visual studio 2015\projects\helloc\helloc\debug\helloc.tlog\link-cvtres.write.1.tlog
c:\users\asus\documents\visual studio 2015\projects\helloc\helloc\debug\helloc.tlog\link-rc.read.1.tlog
c:\users\asus\documents\visual studio 2015\projects\helloc\helloc\debug\helloc.tlog\link-rc.write.1.tlog
c:\users\asus\documents\visual studio 2015\projects\helloc\helloc\debug\helloc.tlog\link.command.1.tlog
c:\users\asus\documents\visual studio 2015\projects\helloc\helloc\debug\helloc.tlog\link.read.1.tlog
c:\users\asus\documents\visual studio 2015\projects\helloc\helloc\debug\helloc.tlog\link.write.1.tlog
c:\users\asus\documents\visual studio 2015\projects\helloc\helloc\debug\helloc.tlog\midl.command.1.tlog
c:\users\asus\documents\visual studio 2015\projects\helloc\helloc\debug\helloc.tlog\midl.read.1.tlog
c:\users\asus\documents\visual studio 2015\projects\helloc\helloc\debug\helloc.tlog\midl.write.1.tlog
